0 verbose cli /usr/local/bin/node /usr/local/bin/npm
1 info using npm@10.9.2
2 info using node@v22.17.0
3 silly config load:file:/usr/local/lib/node_modules/npm/npmrc
4 silly config load:file:/Users/sachingopalakrishnan/Downloads/SACHIN_PORTFOLIO-main/.npmrc
5 silly config load:file:/Users/sachingopalakrishnan/.npmrc
6 silly config load:file:/usr/local/etc/npmrc
7 verbose title npm install lucide-react@latest
8 verbose argv "install" "lucide-react@latest"
9 verbose logfile logs-max:10 dir:/Users/sachingopalakrishnan/Downloads/SACHIN_PORTFOLIO-main/.npm-cache/_logs/2026-03-30T06_13_51_511Z-
10 verbose logfile /Users/sachingopalakrishnan/Downloads/SACHIN_PORTFOLIO-main/.npm-cache/_logs/2026-03-30T06_13_51_511Z-debug-0.log
11 silly logfile start cleaning logs, removing 1 files
12 silly packumentCache heap:4345298944 maxSize:1086324736 maxEntrySize:543162368
13 silly logfile done cleaning log files
14 silly packumentCache corgi:https://registry.npmjs.org/lucide-react cache-miss
15 http fetch GET 200 https://registry.npmjs.org/lucide-react 1213ms (cache miss)
16 silly packumentCache corgi:https://registry.npmjs.org/lucide-react set size:undefined disposed:false
17 silly idealTree buildDeps
18 silly fetch manifest lucide-react@1.7.0
19 silly packumentCache full:https://registry.npmjs.org/lucide-react cache-miss
20 http fetch GET 200 https://registry.npmjs.org/lucide-react 36ms (cache revalidated)
21 silly packumentCache full:https://registry.npmjs.org/lucide-react set size:2235648 disposed:false
22 silly fetch manifest react@19.2.4
23 silly packumentCache full:https://registry.npmjs.org/react cache-miss
24 http fetch GET 200 https://registry.npmjs.org/react 51ms (cache revalidated)
25 silly packumentCache full:https://registry.npmjs.org/react set size:6569208 disposed:false
26 silly placeDep ROOT lucide-react@1.7.0 REPLACE for: sachin-portfolio@0.1.0 want: 1.7.0
27 silly reify moves {}
28 silly audit bulk request {
28 silly audit   '@alloc/quick-lru': [ '5.2.0' ],
28 silly audit   '@babel/code-frame': [ '7.29.0' ],
28 silly audit   '@babel/compat-data': [ '7.29.0' ],
28 silly audit   '@babel/core': [ '7.29.0' ],
28 silly audit   '@babel/generator': [ '7.29.1' ],
28 silly audit   '@babel/helper-compilation-targets': [ '7.28.6' ],
28 silly audit   '@babel/helper-globals': [ '7.28.0' ],
28 silly audit   '@babel/helper-module-imports': [ '7.28.6' ],
28 silly audit   '@babel/helper-module-transforms': [ '7.28.6' ],
28 silly audit   '@babel/helper-string-parser': [ '7.27.1' ],
28 silly audit   '@babel/helper-validator-identifier': [ '7.28.5' ],
28 silly audit   '@babel/helper-validator-option': [ '7.27.1' ],
28 silly audit   '@babel/helpers': [ '7.29.2' ],
28 silly audit   '@babel/parser': [ '7.29.2' ],
28 silly audit   '@babel/template': [ '7.28.6' ],
28 silly audit   '@babel/traverse': [ '7.29.0' ],
28 silly audit   '@babel/types': [ '7.29.0' ],
28 silly audit   '@eslint-community/eslint-utils': [ '4.9.1' ],
28 silly audit   'eslint-visitor-keys': [ '3.4.3', '5.0.1', '4.2.1' ],
28 silly audit   '@eslint-community/regexpp': [ '4.12.2' ],
28 silly audit   '@eslint/config-array': [ '0.21.2' ],
28 silly audit   '@eslint/config-helpers': [ '0.4.2' ],
28 silly audit   '@eslint/core': [ '0.17.0' ],
28 silly audit   '@eslint/eslintrc': [ '3.3.5' ],
28 silly audit   '@eslint/js': [ '9.39.4' ],
28 silly audit   '@eslint/object-schema': [ '2.1.7' ],
28 silly audit   '@eslint/plugin-kit': [ '0.4.1' ],
28 silly audit   '@humanfs/core': [ '0.19.1' ],
28 silly audit   '@humanfs/node': [ '0.16.7' ],
28 silly audit   '@humanwhocodes/module-importer': [ '1.0.1' ],
28 silly audit   '@humanwhocodes/retry': [ '0.4.3' ],
28 silly audit   '@img/colour': [ '1.1.0' ],
28 silly audit   '@img/sharp-darwin-arm64': [ '0.34.5' ],
28 silly audit   '@img/sharp-libvips-darwin-arm64': [ '1.2.4' ],
28 silly audit   '@jridgewell/gen-mapping': [ '0.3.13' ],
28 silly audit   '@jridgewell/remapping': [ '2.3.5' ],
28 silly audit   '@jridgewell/resolve-uri': [ '3.1.2' ],
28 silly audit   '@jridgewell/sourcemap-codec': [ '1.5.5' ],
28 silly audit   '@jridgewell/trace-mapping': [ '0.3.31' ],
28 silly audit   '@next/env': [ '16.2.1' ],
28 silly audit   '@next/eslint-plugin-next': [ '16.2.1' ],
28 silly audit   '@next/swc-darwin-arm64': [ '16.2.1' ],
28 silly audit   '@nodelib/fs.scandir': [ '2.1.5' ],
28 silly audit   '@nodelib/fs.stat': [ '2.0.5' ],
28 silly audit   '@nodelib/fs.walk': [ '1.2.8' ],
28 silly audit   '@nolyfill/is-core-module': [ '1.0.39' ],
28 silly audit   '@rtsao/scc': [ '1.1.0' ],
28 silly audit   '@swc/helpers': [ '0.5.15' ],
28 silly audit   '@tailwindcss/node': [ '4.2.2' ],
28 silly audit   '@tailwindcss/oxide': [ '4.2.2' ],
28 silly audit   '@tailwindcss/oxide-darwin-arm64': [ '4.2.2' ],
28 silly audit   '@tailwindcss/postcss': [ '4.2.2' ],
28 silly audit   '@types/estree': [ '1.0.8' ],
28 silly audit   '@types/json-schema': [ '7.0.15' ],
28 silly audit   '@types/json5': [ '0.0.29' ],
28 silly audit   '@typescript-eslint/eslint-plugin': [ '8.57.2' ],
28 silly audit   ignore: [ '7.0.5', '5.3.2' ],
28 silly audit   '@typescript-eslint/parser': [ '8.57.2' ],
28 silly audit   '@typescript-eslint/project-service': [ '8.57.2' ],
28 silly audit   '@typescript-eslint/scope-manager': [ '8.57.2' ],
28 silly audit   '@typescript-eslint/tsconfig-utils': [ '8.57.2' ],
28 silly audit   '@typescript-eslint/type-utils': [ '8.57.2' ],
28 silly audit   '@typescript-eslint/types': [ '8.57.2' ],
28 silly audit   '@typescript-eslint/typescript-estree': [ '8.57.2' ],
28 silly audit   'balanced-match': [ '4.0.4', '1.0.2' ],
28 silly audit   'brace-expansion': [ '5.0.5', '1.1.13' ],
28 silly audit   minimatch: [ '10.2.4', '3.1.5' ],
28 silly audit   semver: [ '7.7.4', '6.3.1' ],
28 silly audit   '@typescript-eslint/utils': [ '8.57.2' ],
28 silly audit   '@typescript-eslint/visitor-keys': [ '8.57.2' ],
28 silly audit   '@unrs/resolver-binding-darwin-arm64': [ '1.11.1' ],
28 silly audit   acorn: [ '8.16.0' ],
28 silly audit   'acorn-jsx': [ '5.3.2' ],
28 silly audit   ajv: [ '6.14.0' ],
28 silly audit   'ansi-styles': [ '4.3.0' ],
28 silly audit   argparse: [ '2.0.1' ],
28 silly audit   'aria-query': [ '5.3.2' ],
28 silly audit   'array-buffer-byte-length': [ '1.0.2' ],
28 silly audit   'array-includes': [ '3.1.9' ],
28 silly audit   'array.prototype.findlast': [ '1.2.5' ],
28 silly audit   'array.prototype.findlastindex': [ '1.2.6' ],
28 silly audit   'array.prototype.flat': [ '1.3.3' ],
28 silly audit   'array.prototype.flatmap': [ '1.3.3' ],
28 silly audit   'array.prototype.tosorted': [ '1.1.4' ],
28 silly audit   'arraybuffer.prototype.slice': [ '1.0.4' ],
28 silly audit   'ast-types-flow': [ '0.0.8' ],
28 silly audit   'async-function': [ '1.0.0' ],
28 silly audit   'available-typed-arrays': [ '1.0.7' ],
28 silly audit   'axe-core': [ '4.11.1' ],
28 silly audit   'axobject-query': [ '4.1.0' ],
28 silly audit   'baseline-browser-mapping': [ '2.10.12' ],
28 silly audit   braces: [ '3.0.3' ],
28 silly audit   browserslist: [ '4.28.1' ],
28 silly audit   'call-bind': [ '1.0.8' ],
28 silly audit   'call-bind-apply-helpers': [ '1.0.2' ],
28 silly audit   'call-bound': [ '1.0.4' ],
28 silly audit   callsites: [ '3.1.0' ],
28 silly audit   'caniuse-lite': [ '1.0.30001782' ],
28 silly audit   chalk: [ '4.1.2' ],
28 silly audit   'client-only': [ '0.0.1' ],
28 silly audit   clsx: [ '2.1.1' ],
28 silly audit   'color-convert': [ '2.0.1' ],
28 silly audit   'color-name': [ '1.1.4' ],
28 silly audit   'concat-map': [ '0.0.1' ],
28 silly audit   'convert-source-map': [ '2.0.0' ],
28 silly audit   'cross-spawn': [ '7.0.6' ],
28 silly audit   'damerau-levenshtein': [ '1.0.8' ],
28 silly audit   'data-view-buffer': [ '1.0.2' ],
28 silly audit   'data-view-byte-length': [ '1.0.2' ],
28 silly audit   'data-view-byte-offset': [ '1.0.1' ],
28 silly audit   debug: [ '4.4.3', '3.2.7' ],
28 silly audit   'deep-is': [ '0.1.4' ],
28 silly audit   'define-data-property': [ '1.1.4' ],
28 silly audit   'define-properties': [ '1.2.1' ],
28 silly audit   'detect-libc': [ '2.1.2' ],
28 silly audit   doctrine: [ '2.1.0' ],
28 silly audit   'dunder-proto': [ '1.0.1' ],
28 silly audit   'electron-to-chromium': [ '1.5.328' ],
28 silly audit   'emoji-regex': [ '9.2.2' ],
28 silly audit   'enhanced-resolve': [ '5.20.1' ],
28 silly audit   'es-abstract': [ '1.24.1' ],
28 silly audit   'es-define-property': [ '1.0.1' ],
28 silly audit   'es-errors': [ '1.3.0' ],
28 silly audit   'es-iterator-helpers': [ '1.3.1' ],
28 silly audit   'es-object-atoms': [ '1.1.1' ],
28 silly audit   'es-set-tostringtag': [ '2.1.0' ],
28 silly audit   'es-shim-unscopables': [ '1.1.0' ],
28 silly audit   'es-to-primitive': [ '1.3.0' ],
28 silly audit   escalade: [ '3.2.0' ],
28 silly audit   'escape-string-regexp': [ '4.0.0' ],
28 silly audit   eslint: [ '9.39.4' ],
28 silly audit   'eslint-config-next': [ '16.2.1' ],
28 silly audit   globals: [ '16.4.0', '14.0.0' ],
28 silly audit   'eslint-import-resolver-node': [ '0.3.9' ],
28 silly audit   'eslint-import-resolver-typescript': [ '3.10.1' ],
28 silly audit   'eslint-module-utils': [ '2.12.1' ],
28 silly audit   'eslint-plugin-import': [ '2.32.0' ],
28 silly audit   'eslint-plugin-jsx-a11y': [ '6.10.2' ],
28 silly audit   'eslint-plugin-react': [ '7.37.5' ],
28 silly audit   'eslint-plugin-react-hooks': [ '7.0.1' ],
28 silly audit   resolve: [ '2.0.0-next.6', '1.22.11' ],
28 silly audit   'eslint-scope': [ '8.4.0' ],
28 silly audit   espree: [ '10.4.0' ],
28 silly audit   esquery: [ '1.7.0' ],
28 silly audit   esrecurse: [ '4.3.0' ],
28 silly audit   estraverse: [ '5.3.0' ],
28 silly audit   esutils: [ '2.0.3' ],
28 silly audit   'fast-deep-equal': [ '3.1.3' ],
28 silly audit   'fast-glob': [ '3.3.1' ],
28 silly audit   'glob-parent': [ '5.1.2', '6.0.2' ],
28 silly audit   'fast-json-stable-stringify': [ '2.1.0' ],
28 silly audit   'fast-levenshtein': [ '2.0.6' ],
28 silly audit   fastq: [ '1.20.1' ],
28 silly audit   'file-entry-cache': [ '8.0.0' ],
28 silly audit   'fill-range': [ '7.1.1' ],
28 silly audit   'find-up': [ '5.0.0' ],
28 silly audit   'flat-cache': [ '4.0.1' ],
28 silly audit   flatted: [ '3.4.2' ],
28 silly audit   'for-each': [ '0.3.5' ],
28 silly audit   'framer-motion': [ '12.38.0' ],
28 silly audit   'function-bind': [ '1.1.2' ],
28 silly audit   'function.prototype.name': [ '1.1.8' ],
28 silly audit   'functions-have-names': [ '1.2.3' ],
28 silly audit   'generator-function': [ '2.0.1' ],
28 silly audit   gensync: [ '1.0.0-beta.2' ],
28 silly audit   'get-intrinsic': [ '1.3.0' ],
28 silly audit   'get-proto': [ '1.0.1' ],
28 silly audit   'get-symbol-description': [ '1.1.0' ],
28 silly audit   'get-tsconfig': [ '4.13.7' ],
28 silly audit   globalthis: [ '1.0.4' ],
28 silly audit   gopd: [ '1.2.0' ],
28 silly audit   'graceful-fs': [ '4.2.11' ],
28 silly audit   gsap: [ '3.14.2' ],
28 silly audit   'has-bigints': [ '1.1.0' ],
28 silly audit   'has-flag': [ '4.0.0' ],
28 silly audit   'has-property-descriptors': [ '1.0.2' ],
28 silly audit   'has-proto': [ '1.2.0' ],
28 silly audit   'has-symbols': [ '1.1.0' ],
28 silly audit   'has-tostringtag': [ '1.0.2' ],
28 silly audit   hasown: [ '2.0.2' ],
28 silly audit   'hermes-estree': [ '0.25.1' ],
28 silly audit   'hermes-parser': [ '0.25.1' ],
28 silly audit   'import-fresh': [ '3.3.1' ],
28 silly audit   imurmurhash: [ '0.1.4' ],
28 silly audit   'internal-slot': [ '1.1.0' ],
28 silly audit   'is-array-buffer': [ '3.0.5' ],
28 silly audit   'is-async-function': [ '2.1.1' ],
28 silly audit   'is-bigint': [ '1.1.0' ],
28 silly audit   'is-boolean-object': [ '1.2.2' ],
28 silly audit   'is-bun-module': [ '2.0.0' ],
28 silly audit   'is-callable': [ '1.2.7' ],
28 silly audit   'is-core-module': [ '2.16.1' ],
28 silly audit   'is-data-view': [ '1.0.2' ],
28 silly audit   'is-date-object': [ '1.1.0' ],
28 silly audit   'is-extglob': [ '2.1.1' ],
28 silly audit   'is-finalizationregistry': [ '1.1.1' ],
28 silly audit   'is-generator-function': [ '1.1.2' ],
28 silly audit   'is-glob': [ '4.0.3' ],
28 silly audit   'is-map': [ '2.0.3' ],
28 silly audit   'is-negative-zero': [ '2.0.3' ],
28 silly audit   'is-number': [ '7.0.0' ],
28 silly audit   'is-number-object': [ '1.1.1' ],
28 silly audit   'is-regex': [ '1.2.1' ],
28 silly audit   'is-set': [ '2.0.3' ],
28 silly audit   'is-shared-array-buffer': [ '1.0.4' ],
28 silly audit   'is-string': [ '1.1.1' ],
28 silly audit   'is-symbol': [ '1.1.1' ],
28 silly audit   'is-typed-array': [ '1.1.15' ],
28 silly audit   'is-weakmap': [ '2.0.2' ],
28 silly audit   'is-weakref': [ '1.1.1' ],
28 silly audit   'is-weakset': [ '2.0.4' ],
28 silly audit   isarray: [ '2.0.5' ],
28 silly audit   isexe: [ '2.0.0' ],
28 silly audit   'iterator.prototype': [ '1.1.5' ],
28 silly audit   jiti: [ '2.6.1' ],
28 silly audit   'js-tokens': [ '4.0.0' ],
28 silly audit   'js-yaml': [ '4.1.1' ],
28 silly audit   jsesc: [ '3.1.0' ],
28 silly audit   'json-buffer': [ '3.0.1' ],
28 silly audit   'json-schema-traverse': [ '0.4.1' ],
28 silly audit   'json-stable-stringify-without-jsonify': [ '1.0.1' ],
28 silly audit   json5: [ '2.2.3', '1.0.2' ],
28 silly audit   'jsx-ast-utils': [ '3.3.5' ],
28 silly audit   keyv: [ '4.5.4' ],
28 silly audit   'language-subtag-registry': [ '0.3.23' ],
28 silly audit   'language-tags': [ '1.0.9' ],
28 silly audit   lenis: [ '1.3.21' ],
28 silly audit   levn: [ '0.4.1' ],
28 silly audit   lightningcss: [ '1.32.0' ],
28 silly audit   'lightningcss-darwin-arm64': [ '1.32.0' ],
28 silly audit   'locate-path': [ '6.0.0' ],
28 silly audit   'lodash.merge': [ '4.6.2' ],
28 silly audit   'loose-envify': [ '1.4.0' ],
28 silly audit   'lru-cache': [ '5.1.1' ],
28 silly audit   'magic-string': [ '0.30.21' ],
28 silly audit   'math-intrinsics': [ '1.1.0' ],
28 silly audit   merge2: [ '1.4.1' ],
28 silly audit   micromatch: [ '4.0.8' ],
28 silly audit   minimist: [ '1.2.8' ],
28 silly audit   'motion-dom': [ '12.38.0' ],
28 silly audit   'motion-utils': [ '12.36.0' ],
28 silly audit   ms: [ '2.1.3' ],
28 silly audit   nanoid: [ '3.3.11' ],
28 silly audit   'napi-postinstall': [ '0.3.4' ],
28 silly audit   'natural-compare': [ '1.4.0' ],
28 silly audit   next: [ '16.2.1' ],
28 silly audit   postcss: [ '8.4.31', '8.5.8' ],
28 silly audit   'node-exports-info': [ '1.6.0' ],
28 silly audit   'node-releases': [ '2.0.36' ],
28 silly audit   'object-assign': [ '4.1.1' ],
28 silly audit   'object-inspect': [ '1.13.4' ],
28 silly audit   'object-keys': [ '1.1.1' ],
28 silly audit   'object.assign': [ '4.1.7' ],
28 silly audit   'object.entries': [ '1.1.9' ],
28 silly audit   'object.fromentries': [ '2.0.8' ],
28 silly audit   'object.groupby': [ '1.0.3' ],
28 silly audit   'object.values': [ '1.2.1' ],
28 silly audit   optionator: [ '0.9.4' ],
28 silly audit   'own-keys': [ '1.0.1' ],
28 silly audit   'p-limit': [ '3.1.0' ],
28 silly audit   'p-locate': [ '5.0.0' ],
28 silly audit   'parent-module': [ '1.0.1' ],
28 silly audit   'path-exists': [ '4.0.0' ],
28 silly audit   'path-key': [ '3.1.1' ],
28 silly audit   'path-parse': [ '1.0.7' ],
28 silly audit   picocolors: [ '1.1.1' ],
28 silly audit   picomatch: [ '2.3.2', '4.0.4' ],
28 silly audit   'possible-typed-array-names': [ '1.1.0' ],
28 silly audit   'prelude-ls': [ '1.2.1' ],
28 silly audit   'prop-types': [ '15.8.1' ],
28 silly audit   punycode: [ '2.3.1' ],
28 silly audit   'queue-microtask': [ '1.2.3' ],
28 silly audit   react: [ '19.2.4' ],
28 silly audit   'react-dom': [ '19.2.4' ],
28 silly audit   'react-is': [ '16.13.1' ],
28 silly audit   'reflect.getprototypeof': [ '1.0.10' ],
28 silly audit   'regexp.prototype.flags': [ '1.5.4' ],
28 silly audit   'resolve-from': [ '4.0.0' ],
28 silly audit   'resolve-pkg-maps': [ '1.0.0' ],
28 silly audit   reusify: [ '1.1.0' ],
28 silly audit   'run-parallel': [ '1.2.0' ],
28 silly audit   'safe-array-concat': [ '1.1.3' ],
28 silly audit   'safe-push-apply': [ '1.0.0' ],
28 silly audit   'safe-regex-test': [ '1.1.0' ],
28 silly audit   scheduler: [ '0.27.0' ],
28 silly audit   'set-function-length': [ '1.2.2' ],
28 silly audit   'set-function-name': [ '2.0.2' ],
28 silly audit   'set-proto': [ '1.0.0' ],
28 silly audit   sharp: [ '0.34.5' ],
28 silly audit   'shebang-command': [ '2.0.0' ],
28 silly audit   'shebang-regex': [ '3.0.0' ],
28 silly audit   'side-channel': [ '1.1.0' ],
28 silly audit   'side-channel-list': [ '1.0.0' ],
28 silly audit   'side-channel-map': [ '1.0.1' ],
28 silly audit   'side-channel-weakmap': [ '1.0.2' ],
28 silly audit   'source-map-js': [ '1.2.1' ],
28 silly audit   'stable-hash': [ '0.0.5' ],
28 silly audit   'stop-iteration-iterator': [ '1.1.0' ],
28 silly audit   'string.prototype.includes': [ '2.0.1' ],
28 silly audit   'string.prototype.matchall': [ '4.0.12' ],
28 silly audit   'string.prototype.repeat': [ '1.0.0' ],
28 silly audit   'string.prototype.trim': [ '1.2.10' ],
28 silly audit   'string.prototype.trimend': [ '1.0.9' ],
28 silly audit   'string.prototype.trimstart': [ '1.0.8' ],
28 silly audit   'strip-bom': [ '3.0.0' ],
28 silly audit   'strip-json-comments': [ '3.1.1' ],
28 silly audit   'styled-jsx': [ '5.1.6' ],
28 silly audit   'supports-color': [ '7.2.0' ],
28 silly audit   'supports-preserve-symlinks-flag': [ '1.0.0' ],
28 silly audit   'tailwind-merge': [ '3.5.0' ],
28 silly audit   tailwindcss: [ '4.2.2' ],
28 silly audit   tapable: [ '2.3.2' ],
28 silly audit   tinyglobby: [ '0.2.15' ],
28 silly audit   fdir: [ '6.5.0' ],
28 silly audit   'to-regex-range': [ '5.0.1' ],
28 silly audit   'ts-api-utils': [ '2.5.0' ],
28 silly audit   'tsconfig-paths': [ '3.15.0' ],
28 silly audit   tslib: [ '2.8.1' ],
28 silly audit   'type-check': [ '0.4.0' ],
28 silly audit   'typed-array-buffer': [ '1.0.3' ],
28 silly audit   'typed-array-byte-length': [ '1.0.3' ],
28 silly audit   'typed-array-byte-offset': [ '1.0.4' ],
28 silly audit   'typed-array-length': [ '1.0.7' ],
28 silly audit   typescript: [ '5.9.3' ],
28 silly audit   'typescript-eslint': [ '8.57.2' ],
28 silly audit   'unbox-primitive': [ '1.1.0' ],
28 silly audit   'unrs-resolver': [ '1.11.1' ],
28 silly audit   'update-browserslist-db': [ '1.2.3' ],
28 silly audit   'uri-js': [ '4.4.1' ],
28 silly audit   which: [ '2.0.2' ],
28 silly audit   'which-boxed-primitive': [ '1.1.1' ],
28 silly audit   'which-builtin-type': [ '1.2.1' ],
28 silly audit   'which-collection': [ '1.0.2' ],
28 silly audit   'which-typed-array': [ '1.1.20' ],
28 silly audit   'word-wrap': [ '1.2.5' ],
28 silly audit   yallist: [ '3.1.1' ],
28 silly audit   'yocto-queue': [ '0.1.0' ],
28 silly audit   zod: [ '4.3.6' ],
28 silly audit   'zod-validation-error': [ '4.0.2' ],
28 silly audit   '@next/swc-darwin-x64': [ '16.2.1' ],
28 silly audit   '@next/swc-linux-arm64-gnu': [ '16.2.1' ],
28 silly audit   '@next/swc-linux-arm64-musl': [ '16.2.1' ],
28 silly audit   '@next/swc-linux-x64-gnu': [ '16.2.1' ],
28 silly audit   '@next/swc-linux-x64-musl': [ '16.2.1' ],
28 silly audit   '@next/swc-win32-arm64-msvc': [ '16.2.1' ],
28 silly audit   '@next/swc-win32-x64-msvc': [ '16.2.1' ],
28 silly audit   'lucide-react': [ '1.7.0' ]
28 silly audit }
29 verbose reify failed optional dependency /Users/sachingopalakrishnan/Downloads/SACHIN_PORTFOLIO-main/node_modules/@next/swc-win32-x64-msvc
30 silly reify mark deleted [
30 silly reify   '/Users/sachingopalakrishnan/Downloads/SACHIN_PORTFOLIO-main/node_modules/@next/swc-win32-x64-msvc'
30 silly reify ]
31 verbose reify failed optional dependency /Users/sachingopalakrishnan/Downloads/SACHIN_PORTFOLIO-main/node_modules/@next/swc-win32-arm64-msvc
32 silly reify mark deleted [
32 silly reify   '/Users/sachingopalakrishnan/Downloads/SACHIN_PORTFOLIO-main/node_modules/@next/swc-win32-arm64-msvc'
32 silly reify ]
33 verbose reify failed optional dependency /Users/sachingopalakrishnan/Downloads/SACHIN_PORTFOLIO-main/node_modules/@next/swc-linux-x64-musl
34 silly reify mark deleted [
34 silly reify   '/Users/sachingopalakrishnan/Downloads/SACHIN_PORTFOLIO-main/node_modules/@next/swc-linux-x64-musl'
34 silly reify ]
35 verbose reify failed optional dependency /Users/sachingopalakrishnan/Downloads/SACHIN_PORTFOLIO-main/node_modules/@next/swc-linux-x64-gnu
36 silly reify mark deleted [
36 silly reify   '/Users/sachingopalakrishnan/Downloads/SACHIN_PORTFOLIO-main/node_modules/@next/swc-linux-x64-gnu'
36 silly reify ]
37 verbose reify failed optional dependency /Users/sachingopalakrishnan/Downloads/SACHIN_PORTFOLIO-main/node_modules/@next/swc-linux-arm64-musl
38 silly reify mark deleted [
38 silly reify   '/Users/sachingopalakrishnan/Downloads/SACHIN_PORTFOLIO-main/node_modules/@next/swc-linux-arm64-musl'
38 silly reify ]
39 verbose reify failed optional dependency /Users/sachingopalakrishnan/Downloads/SACHIN_PORTFOLIO-main/node_modules/@next/swc-linux-arm64-gnu
40 silly reify mark deleted [
40 silly reify   '/Users/sachingopalakrishnan/Downloads/SACHIN_PORTFOLIO-main/node_modules/@next/swc-linux-arm64-gnu'
40 silly reify ]
41 verbose reify failed optional dependency /Users/sachingopalakrishnan/Downloads/SACHIN_PORTFOLIO-main/node_modules/@next/swc-darwin-x64
42 silly reify mark deleted [
42 silly reify   '/Users/sachingopalakrishnan/Downloads/SACHIN_PORTFOLIO-main/node_modules/@next/swc-darwin-x64'
42 silly reify ]
43 http fetch POST 200 https://registry.npmjs.org/-/npm/v1/security/advisories/bulk 241ms
44 silly audit report {}
45 silly ADD
46 silly ADD
47 silly ADD
48 silly ADD
49 silly ADD
50 silly ADD
51 silly ADD
52 verbose cwd /Users/sachingopalakrishnan/Downloads/SACHIN_PORTFOLIO-main
53 verbose os Darwin 25.3.0
54 verbose node v22.17.0
55 verbose npm  v10.9.2
56 verbose exit 0
57 info ok
