0 verbose cli /usr/local/bin/node /usr/local/bin/npm
1 info using npm@10.9.2
2 info using node@v22.17.0
3 silly config load:file:/usr/local/lib/node_modules/npm/npmrc
4 silly config load:file:/Users/sachingopalakrishnan/Downloads/SACHIN_PORTFOLIO-main/.npmrc
5 silly config load:file:/Users/sachingopalakrishnan/.npmrc
6 silly config load:file:/usr/local/etc/npmrc
7 verbose title npm list lucide-react
8 verbose argv "list" "lucide-react"
9 verbose logfile logs-max:10 dir:/Users/sachingopalakrishnan/Downloads/SACHIN_PORTFOLIO-main/.npm-cache/_logs/2026-03-30T06_13_44_618Z-
10 verbose logfile /Users/sachingopalakrishnan/Downloads/SACHIN_PORTFOLIO-main/.npm-cache/_logs/2026-03-30T06_13_44_618Z-debug-0.log
11 silly logfile start cleaning logs, removing 1 files
12 silly packumentCache heap:4345298944 maxSize:1086324736 maxEntrySize:543162368
13 silly logfile done cleaning log files
14 verbose cwd /Users/sachingopalakrishnan/Downloads/SACHIN_PORTFOLIO-main
15 verbose os Darwin 25.3.0
16 verbose node v22.17.0
17 verbose npm  v10.9.2
18 verbose exit 0
19 info ok
