0 verbose cli /usr/local/bin/node /usr/local/bin/npm
1 info using npm@10.9.2
2 info using node@v22.17.0
3 silly config load:file:/usr/local/lib/node_modules/npm/npmrc
4 silly config load:file:/Users/sachingopalakrishnan/Downloads/SACHIN_PORTFOLIO-main/.npmrc
5 silly config load:file:/Users/sachingopalakrishnan/.npmrc
6 silly config load:file:/usr/local/etc/npmrc
7 verbose title npm install framer-motion gsap lenis lucide-react clsx tailwind-merge
8 verbose argv "install" "framer-motion" "gsap" "lenis" "lucide-react" "clsx" "tailwind-merge"
9 verbose logfile logs-max:10 dir:/Users/sachingopalakrishnan/Downloads/SACHIN_PORTFOLIO-main/.npm-cache/_logs/2026-03-30T06_07_41_090Z-
10 verbose logfile /Users/sachingopalakrishnan/Downloads/SACHIN_PORTFOLIO-main/.npm-cache/_logs/2026-03-30T06_07_41_090Z-debug-0.log
11 silly logfile done cleaning log files
12 silly packumentCache heap:4345298944 maxSize:1086324736 maxEntrySize:543162368
13 silly idealTree buildDeps
14 silly fetch manifest framer-motion@*
15 silly packumentCache full:https://registry.npmjs.org/framer-motion cache-miss
16 http fetch GET 200 https://registry.npmjs.org/framer-motion 605ms (cache updated)
17 silly packumentCache full:https://registry.npmjs.org/framer-motion set size:undefined disposed:false
18 silly fetch manifest @emotion/is-prop-valid@*
19 silly packumentCache full:https://registry.npmjs.org/@emotion%2fis-prop-valid cache-miss
20 http fetch GET 200 https://registry.npmjs.org/@emotion%2fis-prop-valid 1025ms (cache revalidated)
21 silly packumentCache full:https://registry.npmjs.org/@emotion%2fis-prop-valid set size:96664 disposed:false
22 silly fetch manifest react@19.2.4
23 silly packumentCache full:https://registry.npmjs.org/react cache-miss
24 http fetch GET 200 https://registry.npmjs.org/react 375ms (cache revalidated)
25 silly packumentCache full:https://registry.npmjs.org/react set size:6569208 disposed:false
26 silly fetch manifest react-dom@19.2.4
27 silly packumentCache full:https://registry.npmjs.org/react-dom cache-miss
28 http fetch GET 200 https://registry.npmjs.org/react-dom 86ms (cache revalidated)
29 silly packumentCache full:https://registry.npmjs.org/react-dom set size:8729087 disposed:false
30 silly fetch manifest gsap@*
31 silly packumentCache full:https://registry.npmjs.org/gsap cache-miss
32 http fetch GET 200 https://registry.npmjs.org/gsap 71ms (cache revalidated)
33 silly packumentCache full:https://registry.npmjs.org/gsap set size:242280 disposed:false
34 silly fetch manifest lenis@*
35 silly packumentCache full:https://registry.npmjs.org/lenis cache-miss
36 http fetch GET 200 https://registry.npmjs.org/lenis 72ms (cache revalidated)
37 silly packumentCache full:https://registry.npmjs.org/lenis set size:350505 disposed:false
38 silly fetch manifest @nuxt/kit@>=3.0.0
39 silly packumentCache full:https://registry.npmjs.org/@nuxt%2fkit cache-miss
40 http fetch GET 200 https://registry.npmjs.org/@nuxt%2fkit 1217ms (cache revalidated)
41 silly packumentCache full:https://registry.npmjs.org/@nuxt%2fkit set size:370869 disposed:false
42 silly fetch manifest vue@>=3.0.0
43 silly packumentCache full:https://registry.npmjs.org/vue cache-miss
44 http fetch GET 200 https://registry.npmjs.org/vue 69ms (cache revalidated)
45 silly packumentCache full:https://registry.npmjs.org/vue set size:2015265 disposed:false
46 silly fetch manifest typescript@*
47 silly packumentCache full:https://registry.npmjs.org/typescript cache-miss
48 http fetch GET 200 https://registry.npmjs.org/typescript 86ms (cache revalidated)
49 silly packumentCache full:https://registry.npmjs.org/typescript set size:15395755 disposed:false
50 silly fetch manifest lucide-react@*
51 silly packumentCache full:https://registry.npmjs.org/lucide-react cache-miss
52 http fetch GET 200 https://registry.npmjs.org/lucide-react 112ms (cache updated)
53 silly packumentCache full:https://registry.npmjs.org/lucide-react set size:undefined disposed:false
54 silly fetch manifest clsx@*
55 silly packumentCache full:https://registry.npmjs.org/clsx cache-miss
56 http fetch GET 200 https://registry.npmjs.org/clsx 77ms (cache miss)
57 silly packumentCache full:https://registry.npmjs.org/clsx set size:undefined disposed:false
58 silly fetch manifest tailwind-merge@*
59 silly packumentCache full:https://registry.npmjs.org/tailwind-merge cache-miss
60 http fetch GET 200 https://registry.npmjs.org/tailwind-merge 102ms (cache miss)
61 silly packumentCache full:https://registry.npmjs.org/tailwind-merge set size:undefined disposed:false
62 silly placeDep ROOT clsx@2.1.1 OK for: sachin-portfolio@0.1.0 want: *
63 silly placeDep ROOT framer-motion@12.38.0 OK for: sachin-portfolio@0.1.0 want: *
64 silly placeDep ROOT gsap@3.14.2 OK for: sachin-portfolio@0.1.0 want: *
65 silly placeDep ROOT lenis@1.3.21 OK for: sachin-portfolio@0.1.0 want: *
66 silly placeDep ROOT lucide-react@1.7.0 OK for: sachin-portfolio@0.1.0 want: *
67 silly placeDep ROOT tailwind-merge@3.5.0 OK for: sachin-portfolio@0.1.0 want: *
68 silly fetch manifest motion-dom@^12.38.0
69 silly packumentCache full:https://registry.npmjs.org/motion-dom cache-miss
70 silly fetch manifest motion-utils@^12.36.0
71 silly packumentCache full:https://registry.npmjs.org/motion-utils cache-miss
72 http fetch GET 200 https://registry.npmjs.org/motion-dom 78ms (cache updated)
73 silly packumentCache full:https://registry.npmjs.org/motion-dom set size:undefined disposed:false
74 http fetch GET 200 https://registry.npmjs.org/motion-utils 207ms (cache updated)
75 silly packumentCache full:https://registry.npmjs.org/motion-utils set size:undefined disposed:false
76 silly placeDep ROOT motion-dom@12.38.0 OK for: framer-motion@12.38.0 want: ^12.38.0
77 silly placeDep ROOT motion-utils@12.36.0 OK for: framer-motion@12.38.0 want: ^12.36.0
78 silly reify mark retired [
78 silly reify   '/Users/sachingopalakrishnan/Downloads/SACHIN_PORTFOLIO-main/node_modules/@emnapi/core'
78 silly reify ]
79 silly reify mark retired [
79 silly reify   '/Users/sachingopalakrishnan/Downloads/SACHIN_PORTFOLIO-main/node_modules/@emnapi/runtime'
79 silly reify ]
80 silly reify mark retired [
80 silly reify   '/Users/sachingopalakrishnan/Downloads/SACHIN_PORTFOLIO-main/node_modules/@emnapi/wasi-threads'
80 silly reify ]
81 silly reify mark retired [
81 silly reify   '/Users/sachingopalakrishnan/Downloads/SACHIN_PORTFOLIO-main/node_modules/@napi-rs/wasm-runtime'
81 silly reify ]
82 silly reify mark retired [
82 silly reify   '/Users/sachingopalakrishnan/Downloads/SACHIN_PORTFOLIO-main/node_modules/@tybys/wasm-util'
82 silly reify ]
83 silly reify moves {
83 silly reify   '/Users/sachingopalakrishnan/Downloads/SACHIN_PORTFOLIO-main/node_modules/@emnapi/core': '/Users/sachingopalakrishnan/Downloads/SACHIN_PORTFOLIO-main/node_modules/@emnapi/.core-W9FrGqIS',
83 silly reify   '/Users/sachingopalakrishnan/Downloads/SACHIN_PORTFOLIO-main/node_modules/@emnapi/runtime': '/Users/sachingopalakrishnan/Downloads/SACHIN_PORTFOLIO-main/node_modules/@emnapi/.runtime-1itkjVh0',
83 silly reify   '/Users/sachingopalakrishnan/Downloads/SACHIN_PORTFOLIO-main/node_modules/@emnapi/wasi-threads': '/Users/sachingopalakrishnan/Downloads/SACHIN_PORTFOLIO-main/node_modules/@emnapi/.wasi-threads-epTCb2AO',
83 silly reify   '/Users/sachingopalakrishnan/Downloads/SACHIN_PORTFOLIO-main/node_modules/@napi-rs/wasm-runtime': '/Users/sachingopalakrishnan/Downloads/SACHIN_PORTFOLIO-main/node_modules/@napi-rs/.wasm-runtime-Aa1ptanQ',
83 silly reify   '/Users/sachingopalakrishnan/Downloads/SACHIN_PORTFOLIO-main/node_modules/@tybys/wasm-util': '/Users/sachingopalakrishnan/Downloads/SACHIN_PORTFOLIO-main/node_modules/@tybys/.wasm-util-lA13Iu15'
83 silly reify }
84 silly audit bulk request {
84 silly audit   '@alloc/quick-lru': [ '5.2.0' ],
84 silly audit   '@babel/code-frame': [ '7.29.0' ],
84 silly audit   '@babel/compat-data': [ '7.29.0' ],
84 silly audit   '@babel/core': [ '7.29.0' ],
84 silly audit   '@babel/generator': [ '7.29.1' ],
84 silly audit   '@babel/helper-compilation-targets': [ '7.28.6' ],
84 silly audit   '@babel/helper-globals': [ '7.28.0' ],
84 silly audit   '@babel/helper-module-imports': [ '7.28.6' ],
84 silly audit   '@babel/helper-module-transforms': [ '7.28.6' ],
84 silly audit   '@babel/helper-string-parser': [ '7.27.1' ],
84 silly audit   '@babel/helper-validator-identifier': [ '7.28.5' ],
84 silly audit   '@babel/helper-validator-option': [ '7.27.1' ],
84 silly audit   '@babel/helpers': [ '7.29.2' ],
84 silly audit   '@babel/parser': [ '7.29.2' ],
84 silly audit   '@babel/template': [ '7.28.6' ],
84 silly audit   '@babel/traverse': [ '7.29.0' ],
84 silly audit   '@babel/types': [ '7.29.0' ],
84 silly audit   '@eslint-community/eslint-utils': [ '4.9.1' ],
84 silly audit   'eslint-visitor-keys': [ '3.4.3', '5.0.1', '4.2.1' ],
84 silly audit   '@eslint-community/regexpp': [ '4.12.2' ],
84 silly audit   '@eslint/config-array': [ '0.21.2' ],
84 silly audit   '@eslint/config-helpers': [ '0.4.2' ],
84 silly audit   '@eslint/core': [ '0.17.0' ],
84 silly audit   '@eslint/eslintrc': [ '3.3.5' ],
84 silly audit   '@eslint/js': [ '9.39.4' ],
84 silly audit   '@eslint/object-schema': [ '2.1.7' ],
84 silly audit   '@eslint/plugin-kit': [ '0.4.1' ],
84 silly audit   '@humanfs/core': [ '0.19.1' ],
84 silly audit   '@humanfs/node': [ '0.16.7' ],
84 silly audit   '@humanwhocodes/module-importer': [ '1.0.1' ],
84 silly audit   '@humanwhocodes/retry': [ '0.4.3' ],
84 silly audit   '@img/colour': [ '1.1.0' ],
84 silly audit   '@img/sharp-darwin-arm64': [ '0.34.5' ],
84 silly audit   '@img/sharp-libvips-darwin-arm64': [ '1.2.4' ],
84 silly audit   '@jridgewell/gen-mapping': [ '0.3.13' ],
84 silly audit   '@jridgewell/remapping': [ '2.3.5' ],
84 silly audit   '@jridgewell/resolve-uri': [ '3.1.2' ],
84 silly audit   '@jridgewell/sourcemap-codec': [ '1.5.5' ],
84 silly audit   '@jridgewell/trace-mapping': [ '0.3.31' ],
84 silly audit   '@next/env': [ '16.2.1' ],
84 silly audit   '@next/eslint-plugin-next': [ '16.2.1' ],
84 silly audit   '@next/swc-darwin-arm64': [ '16.2.1' ],
84 silly audit   '@nodelib/fs.scandir': [ '2.1.5' ],
84 silly audit   '@nodelib/fs.stat': [ '2.0.5' ],
84 silly audit   '@nodelib/fs.walk': [ '1.2.8' ],
84 silly audit   '@nolyfill/is-core-module': [ '1.0.39' ],
84 silly audit   '@rtsao/scc': [ '1.1.0' ],
84 silly audit   '@swc/helpers': [ '0.5.15' ],
84 silly audit   '@tailwindcss/node': [ '4.2.2' ],
84 silly audit   '@tailwindcss/oxide': [ '4.2.2' ],
84 silly audit   '@tailwindcss/oxide-darwin-arm64': [ '4.2.2' ],
84 silly audit   '@tailwindcss/postcss': [ '4.2.2' ],
84 silly audit   '@types/estree': [ '1.0.8' ],
84 silly audit   '@types/json-schema': [ '7.0.15' ],
84 silly audit   '@types/json5': [ '0.0.29' ],
84 silly audit   '@typescript-eslint/eslint-plugin': [ '8.57.2' ],
84 silly audit   ignore: [ '7.0.5', '5.3.2' ],
84 silly audit   '@typescript-eslint/parser': [ '8.57.2' ],
84 silly audit   '@typescript-eslint/project-service': [ '8.57.2' ],
84 silly audit   '@typescript-eslint/scope-manager': [ '8.57.2' ],
84 silly audit   '@typescript-eslint/tsconfig-utils': [ '8.57.2' ],
84 silly audit   '@typescript-eslint/type-utils': [ '8.57.2' ],
84 silly audit   '@typescript-eslint/types': [ '8.57.2' ],
84 silly audit   '@typescript-eslint/typescript-estree': [ '8.57.2' ],
84 silly audit   'balanced-match': [ '4.0.4', '1.0.2' ],
84 silly audit   'brace-expansion': [ '5.0.5', '1.1.13' ],
84 silly audit   minimatch: [ '10.2.4', '3.1.5' ],
84 silly audit   semver: [ '7.7.4', '6.3.1' ],
84 silly audit   '@typescript-eslint/utils': [ '8.57.2' ],
84 silly audit   '@typescript-eslint/visitor-keys': [ '8.57.2' ],
84 silly audit   '@unrs/resolver-binding-darwin-arm64': [ '1.11.1' ],
84 silly audit   acorn: [ '8.16.0' ],
84 silly audit   'acorn-jsx': [ '5.3.2' ],
84 silly audit   ajv: [ '6.14.0' ],
84 silly audit   'ansi-styles': [ '4.3.0' ],
84 silly audit   argparse: [ '2.0.1' ],
84 silly audit   'aria-query': [ '5.3.2' ],
84 silly audit   'array-buffer-byte-length': [ '1.0.2' ],
84 silly audit   'array-includes': [ '3.1.9' ],
84 silly audit   'array.prototype.findlast': [ '1.2.5' ],
84 silly audit   'array.prototype.findlastindex': [ '1.2.6' ],
84 silly audit   'array.prototype.flat': [ '1.3.3' ],
84 silly audit   'array.prototype.flatmap': [ '1.3.3' ],
84 silly audit   'array.prototype.tosorted': [ '1.1.4' ],
84 silly audit   'arraybuffer.prototype.slice': [ '1.0.4' ],
84 silly audit   'ast-types-flow': [ '0.0.8' ],
84 silly audit   'async-function': [ '1.0.0' ],
84 silly audit   'available-typed-arrays': [ '1.0.7' ],
84 silly audit   'axe-core': [ '4.11.1' ],
84 silly audit   'axobject-query': [ '4.1.0' ],
84 silly audit   'baseline-browser-mapping': [ '2.10.12' ],
84 silly audit   braces: [ '3.0.3' ],
84 silly audit   browserslist: [ '4.28.1' ],
84 silly audit   'call-bind': [ '1.0.8' ],
84 silly audit   'call-bind-apply-helpers': [ '1.0.2' ],
84 silly audit   'call-bound': [ '1.0.4' ],
84 silly audit   callsites: [ '3.1.0' ],
84 silly audit   'caniuse-lite': [ '1.0.30001782' ],
84 silly audit   chalk: [ '4.1.2' ],
84 silly audit   'client-only': [ '0.0.1' ],
84 silly audit   'color-convert': [ '2.0.1' ],
84 silly audit   'color-name': [ '1.1.4' ],
84 silly audit   'concat-map': [ '0.0.1' ],
84 silly audit   'convert-source-map': [ '2.0.0' ],
84 silly audit   'cross-spawn': [ '7.0.6' ],
84 silly audit   'damerau-levenshtein': [ '1.0.8' ],
84 silly audit   'data-view-buffer': [ '1.0.2' ],
84 silly audit   'data-view-byte-length': [ '1.0.2' ],
84 silly audit   'data-view-byte-offset': [ '1.0.1' ],
84 silly audit   debug: [ '4.4.3', '3.2.7' ],
84 silly audit   'deep-is': [ '0.1.4' ],
84 silly audit   'define-data-property': [ '1.1.4' ],
84 silly audit   'define-properties': [ '1.2.1' ],
84 silly audit   'detect-libc': [ '2.1.2' ],
84 silly audit   doctrine: [ '2.1.0' ],
84 silly audit   'dunder-proto': [ '1.0.1' ],
84 silly audit   'electron-to-chromium': [ '1.5.328' ],
84 silly audit   'emoji-regex': [ '9.2.2' ],
84 silly audit   'enhanced-resolve': [ '5.20.1' ],
84 silly audit   'es-abstract': [ '1.24.1' ],
84 silly audit   'es-define-property': [ '1.0.1' ],
84 silly audit   'es-errors': [ '1.3.0' ],
84 silly audit   'es-iterator-helpers': [ '1.3.1' ],
84 silly audit   'es-object-atoms': [ '1.1.1' ],
84 silly audit   'es-set-tostringtag': [ '2.1.0' ],
84 silly audit   'es-shim-unscopables': [ '1.1.0' ],
84 silly audit   'es-to-primitive': [ '1.3.0' ],
84 silly audit   escalade: [ '3.2.0' ],
84 silly audit   'escape-string-regexp': [ '4.0.0' ],
84 silly audit   eslint: [ '9.39.4' ],
84 silly audit   'eslint-config-next': [ '16.2.1' ],
84 silly audit   globals: [ '16.4.0', '14.0.0' ],
84 silly audit   'eslint-import-resolver-node': [ '0.3.9' ],
84 silly audit   'eslint-import-resolver-typescript': [ '3.10.1' ],
84 silly audit   'eslint-module-utils': [ '2.12.1' ],
84 silly audit   'eslint-plugin-import': [ '2.32.0' ],
84 silly audit   'eslint-plugin-jsx-a11y': [ '6.10.2' ],
84 silly audit   'eslint-plugin-react': [ '7.37.5' ],
84 silly audit   resolve: [ '2.0.0-next.6', '1.22.11' ],
84 silly audit   'eslint-plugin-react-hooks': [ '7.0.1' ],
84 silly audit   'eslint-scope': [ '8.4.0' ],
84 silly audit   espree: [ '10.4.0' ],
84 silly audit   esquery: [ '1.7.0' ],
84 silly audit   esrecurse: [ '4.3.0' ],
84 silly audit   estraverse: [ '5.3.0' ],
84 silly audit   esutils: [ '2.0.3' ],
84 silly audit   'fast-deep-equal': [ '3.1.3' ],
84 silly audit   'fast-glob': [ '3.3.1' ],
84 silly audit   'glob-parent': [ '5.1.2', '6.0.2' ],
84 silly audit   'fast-json-stable-stringify': [ '2.1.0' ],
84 silly audit   'fast-levenshtein': [ '2.0.6' ],
84 silly audit   fastq: [ '1.20.1' ],
84 silly audit   'file-entry-cache': [ '8.0.0' ],
84 silly audit   'fill-range': [ '7.1.1' ],
84 silly audit   'find-up': [ '5.0.0' ],
84 silly audit   'flat-cache': [ '4.0.1' ],
84 silly audit   flatted: [ '3.4.2' ],
84 silly audit   'for-each': [ '0.3.5' ],
84 silly audit   'function-bind': [ '1.1.2' ],
84 silly audit   'function.prototype.name': [ '1.1.8' ],
84 silly audit   'functions-have-names': [ '1.2.3' ],
84 silly audit   'generator-function': [ '2.0.1' ],
84 silly audit   gensync: [ '1.0.0-beta.2' ],
84 silly audit   'get-intrinsic': [ '1.3.0' ],
84 silly audit   'get-proto': [ '1.0.1' ],
84 silly audit   'get-symbol-description': [ '1.1.0' ],
84 silly audit   'get-tsconfig': [ '4.13.7' ],
84 silly audit   globalthis: [ '1.0.4' ],
84 silly audit   gopd: [ '1.2.0' ],
84 silly audit   'graceful-fs': [ '4.2.11' ],
84 silly audit   'has-bigints': [ '1.1.0' ],
84 silly audit   'has-flag': [ '4.0.0' ],
84 silly audit   'has-property-descriptors': [ '1.0.2' ],
84 silly audit   'has-proto': [ '1.2.0' ],
84 silly audit   'has-symbols': [ '1.1.0' ],
84 silly audit   'has-tostringtag': [ '1.0.2' ],
84 silly audit   hasown: [ '2.0.2' ],
84 silly audit   'hermes-estree': [ '0.25.1' ],
84 silly audit   'hermes-parser': [ '0.25.1' ],
84 silly audit   'import-fresh': [ '3.3.1' ],
84 silly audit   imurmurhash: [ '0.1.4' ],
84 silly audit   'internal-slot': [ '1.1.0' ],
84 silly audit   'is-array-buffer': [ '3.0.5' ],
84 silly audit   'is-async-function': [ '2.1.1' ],
84 silly audit   'is-bigint': [ '1.1.0' ],
84 silly audit   'is-boolean-object': [ '1.2.2' ],
84 silly audit   'is-bun-module': [ '2.0.0' ],
84 silly audit   'is-callable': [ '1.2.7' ],
84 silly audit   'is-core-module': [ '2.16.1' ],
84 silly audit   'is-data-view': [ '1.0.2' ],
84 silly audit   'is-date-object': [ '1.1.0' ],
84 silly audit   'is-extglob': [ '2.1.1' ],
84 silly audit   'is-finalizationregistry': [ '1.1.1' ],
84 silly audit   'is-generator-function': [ '1.1.2' ],
84 silly audit   'is-glob': [ '4.0.3' ],
84 silly audit   'is-map': [ '2.0.3' ],
84 silly audit   'is-negative-zero': [ '2.0.3' ],
84 silly audit   'is-number': [ '7.0.0' ],
84 silly audit   'is-number-object': [ '1.1.1' ],
84 silly audit   'is-regex': [ '1.2.1' ],
84 silly audit   'is-set': [ '2.0.3' ],
84 silly audit   'is-shared-array-buffer': [ '1.0.4' ],
84 silly audit   'is-string': [ '1.1.1' ],
84 silly audit   'is-symbol': [ '1.1.1' ],
84 silly audit   'is-typed-array': [ '1.1.15' ],
84 silly audit   'is-weakmap': [ '2.0.2' ],
84 silly audit   'is-weakref': [ '1.1.1' ],
84 silly audit   'is-weakset': [ '2.0.4' ],
84 silly audit   isarray: [ '2.0.5' ],
84 silly audit   isexe: [ '2.0.0' ],
84 silly audit   'iterator.prototype': [ '1.1.5' ],
84 silly audit   jiti: [ '2.6.1' ],
84 silly audit   'js-tokens': [ '4.0.0' ],
84 silly audit   'js-yaml': [ '4.1.1' ],
84 silly audit   jsesc: [ '3.1.0' ],
84 silly audit   'json-buffer': [ '3.0.1' ],
84 silly audit   'json-schema-traverse': [ '0.4.1' ],
84 silly audit   'json-stable-stringify-without-jsonify': [ '1.0.1' ],
84 silly audit   json5: [ '2.2.3', '1.0.2' ],
84 silly audit   'jsx-ast-utils': [ '3.3.5' ],
84 silly audit   keyv: [ '4.5.4' ],
84 silly audit   'language-subtag-registry': [ '0.3.23' ],
84 silly audit   'language-tags': [ '1.0.9' ],
84 silly audit   levn: [ '0.4.1' ],
84 silly audit   lightningcss: [ '1.32.0' ],
84 silly audit   'lightningcss-darwin-arm64': [ '1.32.0' ],
84 silly audit   'locate-path': [ '6.0.0' ],
84 silly audit   'lodash.merge': [ '4.6.2' ],
84 silly audit   'loose-envify': [ '1.4.0' ],
84 silly audit   'lru-cache': [ '5.1.1' ],
84 silly audit   'magic-string': [ '0.30.21' ],
84 silly audit   'math-intrinsics': [ '1.1.0' ],
84 silly audit   merge2: [ '1.4.1' ],
84 silly audit   micromatch: [ '4.0.8' ],
84 silly audit   minimist: [ '1.2.8' ],
84 silly audit   ms: [ '2.1.3' ],
84 silly audit   nanoid: [ '3.3.11' ],
84 silly audit   'napi-postinstall': [ '0.3.4' ],
84 silly audit   'natural-compare': [ '1.4.0' ],
84 silly audit   next: [ '16.2.1' ],
84 silly audit   postcss: [ '8.4.31', '8.5.8' ],
84 silly audit   'node-exports-info': [ '1.6.0' ],
84 silly audit   'node-releases': [ '2.0.36' ],
84 silly audit   'object-assign': [ '4.1.1' ],
84 silly audit   'object-inspect': [ '1.13.4' ],
84 silly audit   'object-keys': [ '1.1.1' ],
84 silly audit   'object.assign': [ '4.1.7' ],
84 silly audit   'object.entries': [ '1.1.9' ],
84 silly audit   'object.fromentries': [ '2.0.8' ],
84 silly audit   'object.groupby': [ '1.0.3' ],
84 silly audit   'object.values': [ '1.2.1' ],
84 silly audit   optionator: [ '0.9.4' ],
84 silly audit   'own-keys': [ '1.0.1' ],
84 silly audit   'p-limit': [ '3.1.0' ],
84 silly audit   'p-locate': [ '5.0.0' ],
84 silly audit   'parent-module': [ '1.0.1' ],
84 silly audit   'path-exists': [ '4.0.0' ],
84 silly audit   'path-key': [ '3.1.1' ],
84 silly audit   'path-parse': [ '1.0.7' ],
84 silly audit   picocolors: [ '1.1.1' ],
84 silly audit   picomatch: [ '2.3.2', '4.0.4' ],
84 silly audit   'possible-typed-array-names': [ '1.1.0' ],
84 silly audit   'prelude-ls': [ '1.2.1' ],
84 silly audit   'prop-types': [ '15.8.1' ],
84 silly audit   punycode: [ '2.3.1' ],
84 silly audit   'queue-microtask': [ '1.2.3' ],
84 silly audit   react: [ '19.2.4' ],
84 silly audit   'react-dom': [ '19.2.4' ],
84 silly audit   'react-is': [ '16.13.1' ],
84 silly audit   'reflect.getprototypeof': [ '1.0.10' ],
84 silly audit   'regexp.prototype.flags': [ '1.5.4' ],
84 silly audit   'resolve-from': [ '4.0.0' ],
84 silly audit   'resolve-pkg-maps': [ '1.0.0' ],
84 silly audit   reusify: [ '1.1.0' ],
84 silly audit   'run-parallel': [ '1.2.0' ],
84 silly audit   'safe-array-concat': [ '1.1.3' ],
84 silly audit   'safe-push-apply': [ '1.0.0' ],
84 silly audit   'safe-regex-test': [ '1.1.0' ],
84 silly audit   scheduler: [ '0.27.0' ],
84 silly audit   'set-function-length': [ '1.2.2' ],
84 silly audit   'set-function-name': [ '2.0.2' ],
84 silly audit   'set-proto': [ '1.0.0' ],
84 silly audit   sharp: [ '0.34.5' ],
84 silly audit   'shebang-command': [ '2.0.0' ],
84 silly audit   'shebang-regex': [ '3.0.0' ],
84 silly audit   'side-channel': [ '1.1.0' ],
84 silly audit   'side-channel-list': [ '1.0.0' ],
84 silly audit   'side-channel-map': [ '1.0.1' ],
84 silly audit   'side-channel-weakmap': [ '1.0.2' ],
84 silly audit   'source-map-js': [ '1.2.1' ],
84 silly audit   'stable-hash': [ '0.0.5' ],
84 silly audit   'stop-iteration-iterator': [ '1.1.0' ],
84 silly audit   'string.prototype.includes': [ '2.0.1' ],
84 silly audit   'string.prototype.matchall': [ '4.0.12' ],
84 silly audit   'string.prototype.repeat': [ '1.0.0' ],
84 silly audit   'string.prototype.trim': [ '1.2.10' ],
84 silly audit   'string.prototype.trimend': [ '1.0.9' ],
84 silly audit   'string.prototype.trimstart': [ '1.0.8' ],
84 silly audit   'strip-bom': [ '3.0.0' ],
84 silly audit   'strip-json-comments': [ '3.1.1' ],
84 silly audit   'styled-jsx': [ '5.1.6' ],
84 silly audit   'supports-color': [ '7.2.0' ],
84 silly audit   'supports-preserve-symlinks-flag': [ '1.0.0' ],
84 silly audit   tailwindcss: [ '4.2.2' ],
84 silly audit   tapable: [ '2.3.2' ],
84 silly audit   tinyglobby: [ '0.2.15' ],
84 silly audit   fdir: [ '6.5.0' ],
84 silly audit   'to-regex-range': [ '5.0.1' ],
84 silly audit   'ts-api-utils': [ '2.5.0' ],
84 silly audit   'tsconfig-paths': [ '3.15.0' ],
84 silly audit   tslib: [ '2.8.1' ],
84 silly audit   'type-check': [ '0.4.0' ],
84 silly audit   'typed-array-buffer': [ '1.0.3' ],
84 silly audit   'typed-array-byte-length': [ '1.0.3' ],
84 silly audit   'typed-array-byte-offset': [ '1.0.4' ],
84 silly audit   'typed-array-length': [ '1.0.7' ],
84 silly audit   typescript: [ '5.9.3' ],
84 silly audit   'typescript-eslint': [ '8.57.2' ],
84 silly audit   'unbox-primitive': [ '1.1.0' ],
84 silly audit   'unrs-resolver': [ '1.11.1' ],
84 silly audit   'update-browserslist-db': [ '1.2.3' ],
84 silly audit   'uri-js': [ '4.4.1' ],
84 silly audit   which: [ '2.0.2' ],
84 silly audit   'which-boxed-primitive': [ '1.1.1' ],
84 silly audit   'which-builtin-type': [ '1.2.1' ],
84 silly audit   'which-collection': [ '1.0.2' ],
84 silly audit   'which-typed-array': [ '1.1.20' ],
84 silly audit   'word-wrap': [ '1.2.5' ],
84 silly audit   yallist: [ '3.1.1' ],
84 silly audit   'yocto-queue': [ '0.1.0' ],
84 silly audit   zod: [ '4.3.6' ],
84 silly audit   'zod-validation-error': [ '4.0.2' ],
84 silly audit   clsx: [ '2.1.1' ],
84 silly audit   'framer-motion': [ '12.38.0' ],
84 silly audit   gsap: [ '3.14.2' ],
84 silly audit   lenis: [ '1.3.21' ],
84 silly audit   'lucide-react': [ '1.7.0' ],
84 silly audit   'tailwind-merge': [ '3.5.0' ],
84 silly audit   'motion-dom': [ '12.38.0' ],
84 silly audit   'motion-utils': [ '12.36.0' ]
84 silly audit }
85 http cache motion-utils@https://registry.npmjs.org/motion-utils/-/motion-utils-12.36.0.tgz 0ms (cache hit)
86 http cache motion-dom@https://registry.npmjs.org/motion-dom/-/motion-dom-12.38.0.tgz 0ms (cache hit)
87 http cache tailwind-merge@https://registry.npmjs.org/tailwind-merge/-/tailwind-merge-3.5.0.tgz 0ms (cache hit)
88 http cache lucide-react@https://registry.npmjs.org/lucide-react/-/lucide-react-1.7.0.tgz 0ms (cache hit)
89 http cache lenis@https://registry.npmjs.org/lenis/-/lenis-1.3.21.tgz 0ms (cache hit)
90 http cache clsx@https://registry.npmjs.org/clsx/-/clsx-2.1.1.tgz 0ms (cache hit)
91 http cache framer-motion@https://registry.npmjs.org/framer-motion/-/framer-motion-12.38.0.tgz 0ms (cache hit)
92 http cache gsap@https://registry.npmjs.org/gsap/-/gsap-3.14.2.tgz 0ms (cache hit)
93 silly tarball no local data for motion-utils@https://registry.npmjs.org/motion-utils/-/motion-utils-12.36.0.tgz. Extracting by manifest.
94 silly tarball no local data for motion-dom@https://registry.npmjs.org/motion-dom/-/motion-dom-12.38.0.tgz. Extracting by manifest.
95 silly tarball no local data for tailwind-merge@https://registry.npmjs.org/tailwind-merge/-/tailwind-merge-3.5.0.tgz. Extracting by manifest.
96 silly tarball no local data for lucide-react@https://registry.npmjs.org/lucide-react/-/lucide-react-1.7.0.tgz. Extracting by manifest.
97 silly tarball no local data for clsx@https://registry.npmjs.org/clsx/-/clsx-2.1.1.tgz. Extracting by manifest.
98 silly tarball no local data for framer-motion@https://registry.npmjs.org/framer-motion/-/framer-motion-12.38.0.tgz. Extracting by manifest.
99 http fetch GET 200 https://registry.npmjs.org/motion-utils/-/motion-utils-12.36.0.tgz 77ms (cache miss)
100 http fetch GET 200 https://registry.npmjs.org/clsx/-/clsx-2.1.1.tgz 274ms (cache miss)
101 http fetch POST 200 https://registry.npmjs.org/-/npm/v1/security/advisories/bulk 362ms
102 silly audit report {}
103 http fetch GET 200 https://registry.npmjs.org/tailwind-merge/-/tailwind-merge-3.5.0.tgz 408ms (cache miss)
104 http fetch GET 200 https://registry.npmjs.org/motion-dom/-/motion-dom-12.38.0.tgz 877ms (cache miss)
105 http fetch GET 200 https://registry.npmjs.org/framer-motion/-/framer-motion-12.38.0.tgz 895ms (cache miss)
106 http fetch GET 200 https://registry.npmjs.org/lucide-react/-/lucide-react-1.7.0.tgz 1170ms (cache miss)
107 silly ADD node_modules/motion-utils
108 silly ADD node_modules/motion-dom
109 silly ADD node_modules/tailwind-merge
110 silly ADD node_modules/lucide-react
111 silly ADD node_modules/lenis
112 silly ADD node_modules/gsap
113 silly ADD node_modules/framer-motion
114 silly ADD node_modules/clsx
115 silly REMOVE node_modules/@tybys/wasm-util
116 silly REMOVE node_modules/@napi-rs/wasm-runtime
117 silly REMOVE node_modules/@emnapi/wasi-threads
118 silly REMOVE node_modules/@emnapi/runtime
119 silly REMOVE node_modules/@emnapi/core
120 verbose cwd /Users/sachingopalakrishnan/Downloads/SACHIN_PORTFOLIO-main
121 verbose os Darwin 25.3.0
122 verbose node v22.17.0
123 verbose npm  v10.9.2
124 verbose exit 0
125 info ok
