0 verbose cli /usr/local/bin/node /usr/local/lib/node_modules/npm/bin/npm-cli.js
1 info using npm@10.9.2
2 info using node@v22.17.0
3 silly config load:file:/usr/local/lib/node_modules/npm/npmrc
4 silly config load:file:/Users/sachingopalakrishnan/Downloads/SACHIN_PORTFOLIO-main/.npmrc
5 silly config load:file:/Users/sachingopalakrishnan/.npmrc
6 silly config load:file:/usr/local/etc/npmrc
7 verbose title npm exec create-next-app@latest ./ --js --tailwind --eslint --app --src-dir --import-alias @/* --use-npm --disable-git
8 verbose argv "exec" "--yes" "--" "create-next-app@latest" "./" "--js" "--tailwind" "--eslint" "--app" "--src-dir" "--import-alias" "@/*" "--use-npm" "--disable-git"
9 verbose logfile logs-max:10 dir:/Users/sachingopalakrishnan/Downloads/SACHIN_PORTFOLIO-main/.npm-cache/_logs/2026-03-30T05_39_42_275Z-
10 verbose logfile /Users/sachingopalakrishnan/Downloads/SACHIN_PORTFOLIO-main/.npm-cache/_logs/2026-03-30T05_39_42_275Z-debug-0.log
11 silly logfile done cleaning log files
12 silly packumentCache heap:4345298944 maxSize:1086324736 maxEntrySize:543162368
13 http fetch GET 200 https://registry.npmjs.org/create-next-app 264ms (cache revalidated)
14 silly packumentCache heap:4345298944 maxSize:1086324736 maxEntrySize:543162368
15 silly packumentCache heap:4345298944 maxSize:1086324736 maxEntrySize:543162368
16 silly idealTree buildDeps
17 silly fetch manifest create-next-app@16.2.1
18 silly packumentCache full:https://registry.npmjs.org/create-next-app cache-miss
19 http cache https://registry.npmjs.org/create-next-app 8ms (cache hit)
20 silly packumentCache full:https://registry.npmjs.org/create-next-app set size:9600454 disposed:false
21 silly placeDep ROOT create-next-app@16.2.1 OK for:  want: 16.2.1
22 silly reify moves {}
23 silly audit bulk request { 'create-next-app': [ '16.2.1' ] }
24 http cache create-next-app@https://registry.npmjs.org/create-next-app/-/create-next-app-16.2.1.tgz 0ms (cache hit)
25 http fetch POST 200 https://registry.npmjs.org/-/npm/v1/security/advisories/bulk 360ms
26 silly audit report {}
27 verbose cwd /Users/sachingopalakrishnan/Downloads/SACHIN_PORTFOLIO-main
28 verbose os Darwin 25.3.0
29 verbose node v22.17.0
30 verbose npm  v10.9.2
31 verbose exit 1
32 verbose code 1
